\BOOKMARK [1][-]{section.I}{Kurzfassung}{}% 1
\BOOKMARK [1][-]{section*.1}{Inhaltsverzeichnis}{}% 2
\BOOKMARK [1][-]{section.III}{Abbildungsverzeichnis}{}% 3
\BOOKMARK [1][-]{section.IV}{Tabellenverzeichnis}{}% 4
\BOOKMARK [1][-]{section.V}{Listing-Verzeichnis}{}% 5
\BOOKMARK [1][-]{section.VI}{Abk\374rzungsverzeichnis}{}% 6
\BOOKMARK [1][-]{section.1}{Einleitung}{}% 7
\BOOKMARK [2][-]{subsection.1.1}{Bilder}{section.1}% 8
\BOOKMARK [2][-]{subsection.1.2}{Tabellen}{section.1}% 9
\BOOKMARK [2][-]{subsection.1.3}{Auflistung}{section.1}% 10
\BOOKMARK [2][-]{subsection.1.4}{Listings}{section.1}% 11
\BOOKMARK [2][-]{subsection.1.5}{Tipps}{section.1}% 12
\BOOKMARK [1][-]{section.2}{Kapitel}{}% 13
\BOOKMARK [2][-]{subsection.2.1}{Unterkapitel}{section.2}% 14
\BOOKMARK [2][-]{subsection.2.2}{Unterkapitel}{section.2}% 15
\BOOKMARK [1][-]{section.3}{Kapitel}{}% 16
\BOOKMARK [2][-]{subsection.3.1}{Unterkapitel}{section.3}% 17
\BOOKMARK [2][-]{subsection.3.2}{Unterkapitel}{section.3}% 18
\BOOKMARK [1][-]{section.4}{Kapitel}{}% 19
\BOOKMARK [2][-]{subsection.4.1}{Unterkapitel}{section.4}% 20
\BOOKMARK [2][-]{subsection.4.2}{Unterkapitel}{section.4}% 21
\BOOKMARK [1][-]{section.5}{Quellenverzeichnis}{}% 22
\BOOKMARK [1][-]{section*.4}{Anhang}{}% 23
\BOOKMARK [1][-]{appendix.A}{GUI}{}% 24
